[0m16:22:50.939853 [debug] [MainThread]: Sending event: {'category': 'dbt', 'action': 'invocation', 'label': 'start', 'context': [<snowplow_tracker.self_describing_json.SelfDescribingJson object at 0x7f7ce5a9c340>, <snowplow_tracker.self_describing_json.SelfDescribingJson object at 0x7f7ce693d1b0>, <snowplow_tracker.self_describing_json.SelfDescribingJson object at 0x7f7ce693d150>]}


============================== 16:22:50.945103 | 542d19cf-2da9-49fe-8154-28ae248b1520 ==============================
[0m16:22:50.945103 [info ] [MainThread]: Running with dbt=1.9.2
[0m16:22:50.946358 [debug] [MainThread]: running dbt with arguments {'printer_width': '80', 'indirect_selection': 'eager', 'log_cache_events': 'False', 'write_json': 'True', 'partial_parse': 'True', 'cache_selected_only': 'False', 'profiles_dir': '/home/user/.dbt', 'version_check': 'True', 'fail_fast': 'False', 'log_path': 'logs', 'debug': 'False', 'warn_error': 'None', 'use_colors': 'True', 'use_experimental_parser': 'False', 'empty': 'None', 'quiet': 'False', 'no_print': 'None', 'warn_error_options': 'WarnErrorOptions(include=[], exclude=[])', 'introspect': 'True', 'static_parser': 'True', 'log_format': 'default', 'target_path': 'None', 'invocation_command': 'dbt init', 'send_anonymous_usage_stats': 'True'}
[0m16:22:50.958657 [warn ] [MainThread]: [ConfigFolderDirectory]: Unable to parse logging event dictionary. Failed to parse dir field: expected string or bytes-like object.. Dictionary: {'dir': PosixPath('/home/user/.dbt')}
[0m16:22:50.959725 [info ] [MainThread]: Creating dbt configuration folder at 
[0m16:23:04.737717 [debug] [MainThread]: Starter project path: /home/user/idx-dibimbing-sql/.venv/lib/python3.10/site-packages/dbt/include/starter_project
[0m16:23:04.743440 [info ] [MainThread]: 
Your new dbt project "dibimbing" was created!

For more information on how to configure the profiles.yml file,
please consult the dbt documentation here:

  https://docs.getdbt.com/docs/configure-your-profile

One more thing:

Need help? Don't hesitate to reach out to us via GitHub issues or on Slack:

  https://community.getdbt.com/

Happy modeling!

[0m16:23:04.744701 [info ] [MainThread]: Setting up your profile.
[0m16:26:10.084316 [info ] [MainThread]: Profile dibimbing written to /home/user/.dbt/profiles.yml using target's profile_template.yml and your supplied values. Run 'dbt debug' to validate the connection.
[0m16:26:10.090992 [debug] [MainThread]: Resource report: {"command_name": "init", "command_success": true, "command_wall_clock_time": 199.27576, "process_in_blocks": "90280", "process_kernel_time": 0.347143, "process_mem_max_rss": "197172", "process_out_blocks": "80", "process_user_time": 3.392566}
[0m16:26:10.092250 [debug] [MainThread]: Command `dbt init` succeeded at 16:26:10.091880 after 199.28 seconds
[0m16:26:10.093256 [debug] [MainThread]: Sending event: {'category': 'dbt', 'action': 'invocation', 'label': 'end', 'context': [<snowplow_tracker.self_describing_json.SelfDescribingJson object at 0x7f7ce5a9c340>, <snowplow_tracker.self_describing_json.SelfDescribingJson object at 0x7f7ce693d090>, <snowplow_tracker.self_describing_json.SelfDescribingJson object at 0x7f7ce693da20>]}
[0m16:26:10.094232 [debug] [MainThread]: Flushing usage events
[0m16:26:10.879541 [debug] [MainThread]: An error was encountered while trying to flush usage events
[0m16:33:54.585481 [debug] [MainThread]: Sending event: {'category': 'dbt', 'action': 'invocation', 'label': 'start', 'context': [<snowplow_tracker.self_describing_json.SelfDescribingJson object at 0x7ccc5f4383a0>, <snowplow_tracker.self_describing_json.SelfDescribingJson object at 0x7ccc5e3e9240>, <snowplow_tracker.self_describing_json.SelfDescribingJson object at 0x7ccc5e3e9150>]}


============================== 16:33:54.592612 | 40bf5653-d505-48ee-8388-c26963b9f876 ==============================
[0m16:33:54.592612 [info ] [MainThread]: Running with dbt=1.9.2
[0m16:33:54.593986 [debug] [MainThread]: running dbt with arguments {'printer_width': '80', 'indirect_selection': 'eager', 'write_json': 'True', 'log_cache_events': 'False', 'partial_parse': 'True', 'cache_selected_only': 'False', 'profiles_dir': '/home/user/.dbt', 'version_check': 'True', 'debug': 'False', 'log_path': 'logs', 'fail_fast': 'False', 'warn_error': 'None', 'use_colors': 'True', 'use_experimental_parser': 'False', 'empty': 'None', 'quiet': 'False', 'no_print': 'None', 'log_format': 'default', 'introspect': 'True', 'static_parser': 'True', 'invocation_command': 'dbt debug', 'target_path': 'None', 'warn_error_options': 'WarnErrorOptions(include=[], exclude=[])', 'send_anonymous_usage_stats': 'True'}
[0m16:33:54.630408 [info ] [MainThread]: dbt version: 1.9.2
[0m16:33:54.631543 [info ] [MainThread]: python version: 3.10.14
[0m16:33:54.632453 [info ] [MainThread]: python path: /home/user/idx-dibimbing-sql/.venv/bin/python
[0m16:33:54.633269 [info ] [MainThread]: os info: Linux-6.1.124+-x86_64-with-glibc2.38
[0m16:33:56.925008 [info ] [MainThread]: Using profiles dir at /home/user/.dbt
[0m16:33:56.926146 [info ] [MainThread]: Using profiles.yml file at /home/user/.dbt/profiles.yml
[0m16:33:56.927109 [info ] [MainThread]: Using dbt_project.yml file at /home/user/idx-dibimbing-datawarehouse/dbt/dbt_project.yml
[0m16:33:56.927982 [info ] [MainThread]: adapter type: bigquery
[0m16:33:56.928726 [info ] [MainThread]: adapter version: 1.9.1
[0m16:33:56.929589 [info ] [MainThread]: Configuration:
[0m16:33:56.930570 [info ] [MainThread]:   profiles.yml file [[32mOK found and valid[0m]
[0m16:33:56.931483 [info ] [MainThread]:   dbt_project.yml file [[31mERROR not found[0m]
[0m16:33:56.932546 [info ] [MainThread]: Required dependencies:
[0m16:33:56.933448 [debug] [MainThread]: Executing "git --help"
[0m16:33:56.936998 [debug] [MainThread]: STDOUT: "b"usage: git [-v | --version] [-h | --help] [-C <path>] [-c <name>=<value>]\n           [--exec-path[=<path>]] [--html-path] [--man-path] [--info-path]\n           [-p | --paginate | -P | --no-pager] [--no-replace-objects] [--bare]\n           [--git-dir=<path>] [--work-tree=<path>] [--namespace=<name>]\n           [--config-env=<name>=<envvar>] <command> [<args>]\n\nThese are common Git commands used in various situations:\n\nstart a working area (see also: git help tutorial)\n   clone     Clone a repository into a new directory\n   init      Create an empty Git repository or reinitialize an existing one\n\nwork on the current change (see also: git help everyday)\n   add       Add file contents to the index\n   mv        Move or rename a file, a directory, or a symlink\n   restore   Restore working tree files\n   rm        Remove files from the working tree and from the index\n\nexamine the history and state (see also: git help revisions)\n   bisect    Use binary search to find the commit that introduced a bug\n   diff      Show changes between commits, commit and working tree, etc\n   grep      Print lines matching a pattern\n   log       Show commit logs\n   show      Show various types of objects\n   status    Show the working tree status\n\ngrow, mark and tweak your common history\n   branch    List, create, or delete branches\n   commit    Record changes to the repository\n   merge     Join two or more development histories together\n   rebase    Reapply commits on top of another base tip\n   reset     Reset current HEAD to the specified state\n   switch    Switch branches\n   tag       Create, list, delete or verify a tag object signed with GPG\n\ncollaborate (see also: git help workflows)\n   fetch     Download objects and refs from another repository\n   pull      Fetch from and integrate with another repository or a local branch\n   push      Update remote refs along with associated objects\n\n'git help -a' and 'git help -g' list available subcommands and some\nconcept guides. See 'git help <command>' or 'git help <concept>'\nto read about a specific subcommand or concept.\nSee 'git help git' for an overview of the system.\n""
[0m16:33:56.938141 [debug] [MainThread]: STDERR: "b''"
[0m16:33:56.938882 [info ] [MainThread]:  - git [[32mOK found[0m]

[0m16:33:56.940060 [info ] [MainThread]: Connection:
[0m16:33:56.941244 [info ] [MainThread]:   method: service-account
[0m16:33:56.942089 [info ] [MainThread]:   database: de-12-381312
[0m16:33:56.942996 [info ] [MainThread]:   execution_project: de-12-381312
[0m16:33:56.943792 [info ] [MainThread]:   schema: dbt
[0m16:33:56.944841 [info ] [MainThread]:   location: US
[0m16:33:56.945821 [info ] [MainThread]:   priority: interactive
[0m16:33:56.946734 [info ] [MainThread]:   maximum_bytes_billed: None
[0m16:33:56.947804 [info ] [MainThread]:   impersonate_service_account: None
[0m16:33:56.948685 [info ] [MainThread]:   job_retry_deadline_seconds: None
[0m16:33:56.949501 [info ] [MainThread]:   job_retries: 1
[0m16:33:56.950518 [info ] [MainThread]:   job_creation_timeout_seconds: None
[0m16:33:56.951648 [info ] [MainThread]:   job_execution_timeout_seconds: 300
[0m16:33:56.952549 [info ] [MainThread]:   timeout_seconds: 300
[0m16:33:56.953320 [info ] [MainThread]:   client_id: None
[0m16:33:56.954187 [info ] [MainThread]:   token_uri: None
[0m16:33:56.954937 [info ] [MainThread]:   dataproc_region: None
[0m16:33:56.955770 [info ] [MainThread]:   dataproc_cluster_name: None
[0m16:33:56.956583 [info ] [MainThread]:   gcs_bucket: None
[0m16:33:56.957672 [info ] [MainThread]:   dataproc_batch: None
[0m16:33:56.959190 [info ] [MainThread]: Registered adapter: bigquery=1.9.1
[0m16:33:57.191617 [debug] [MainThread]: Acquiring new bigquery connection 'debug'
[0m16:33:57.192577 [debug] [MainThread]: On debug: select 1 as id
[0m16:33:57.193465 [debug] [MainThread]: Opening a new connection, currently in state init
[0m16:33:57.194309 [debug] [MainThread]: BigQuery adapter: Got an error when attempting to create a bigquery " "client: '[Errno 2] No such file or directory: 'creds/keyfile.json''
[0m16:33:57.195187 [debug] [MainThread]: BigQuery adapter: Unhandled error while running:
select 1 as id
[0m16:33:57.195873 [debug] [MainThread]: BigQuery adapter: Database Error
  [Errno 2] No such file or directory: 'creds/keyfile.json'
[0m16:33:57.196761 [info ] [MainThread]:   Connection test: [[31mERROR[0m]

[0m16:33:57.198034 [info ] [MainThread]: [31m2 checks failed:[0m
[0m16:33:57.198896 [info ] [MainThread]: Project loading failed for the following reason:
 project path </home/user/idx-dibimbing-datawarehouse/dbt/dbt_project.yml> not found

[0m16:33:57.199724 [info ] [MainThread]: dbt was unable to connect to the specified database.
The database returned the following error:

  >'NoneType' object has no attribute 'close'

Check your database credentials and try again. For more information, visit:
https://docs.getdbt.com/docs/configure-your-profile


[0m16:33:57.201567 [debug] [MainThread]: Resource report: {"command_name": "debug", "command_success": false, "command_wall_clock_time": 2.7211576, "process_in_blocks": "169232", "process_kernel_time": 0.717698, "process_mem_max_rss": "197996", "process_out_blocks": "32", "process_user_time": 3.853754}
[0m16:33:57.202509 [debug] [MainThread]: Command `dbt debug` failed at 16:33:57.202281 after 2.72 seconds
[0m16:33:57.203885 [debug] [MainThread]: Sending event: {'category': 'dbt', 'action': 'invocation', 'label': 'end', 'context': [<snowplow_tracker.self_describing_json.SelfDescribingJson object at 0x7ccc5f4383a0>, <snowplow_tracker.self_describing_json.SelfDescribingJson object at 0x7ccc4a3fc460>, <snowplow_tracker.self_describing_json.SelfDescribingJson object at 0x7ccc4a3fca00>]}
[0m16:33:57.205143 [debug] [MainThread]: Flushing usage events
[0m16:33:58.000474 [debug] [MainThread]: An error was encountered while trying to flush usage events
[0m16:35:52.625337 [debug] [MainThread]: Sending event: {'category': 'dbt', 'action': 'invocation', 'label': 'start', 'context': [<snowplow_tracker.self_describing_json.SelfDescribingJson object at 0x7e3a5781c340>, <snowplow_tracker.self_describing_json.SelfDescribingJson object at 0x7e3a586bd210>, <snowplow_tracker.self_describing_json.SelfDescribingJson object at 0x7e3a586bd1b0>]}


============================== 16:35:52.630322 | 33a29bfc-8260-4bf0-b845-140e28739db5 ==============================
[0m16:35:52.630322 [info ] [MainThread]: Running with dbt=1.9.2
[0m16:35:52.631570 [debug] [MainThread]: running dbt with arguments {'printer_width': '80', 'indirect_selection': 'eager', 'log_cache_events': 'False', 'write_json': 'True', 'partial_parse': 'True', 'cache_selected_only': 'False', 'profiles_dir': '/home/user/.dbt', 'fail_fast': 'False', 'version_check': 'True', 'log_path': 'logs', 'warn_error': 'None', 'debug': 'False', 'use_colors': 'True', 'use_experimental_parser': 'False', 'empty': 'None', 'quiet': 'False', 'no_print': 'None', 'warn_error_options': 'WarnErrorOptions(include=[], exclude=[])', 'static_parser': 'True', 'introspect': 'True', 'invocation_command': 'dbt debug', 'target_path': 'None', 'log_format': 'default', 'send_anonymous_usage_stats': 'True'}
[0m16:35:52.644472 [info ] [MainThread]: dbt version: 1.9.2
[0m16:35:52.645516 [info ] [MainThread]: python version: 3.10.14
[0m16:35:52.646422 [info ] [MainThread]: python path: /home/user/idx-dibimbing-sql/.venv/bin/python
[0m16:35:52.647252 [info ] [MainThread]: os info: Linux-6.1.124+-x86_64-with-glibc2.38
[0m16:35:54.009501 [info ] [MainThread]: Using profiles dir at /home/user/.dbt
[0m16:35:54.010727 [info ] [MainThread]: Using profiles.yml file at /home/user/.dbt/profiles.yml
[0m16:35:54.011783 [info ] [MainThread]: Using dbt_project.yml file at /home/user/idx-dibimbing-datawarehouse/dbt/dbt_project.yml
[0m16:35:54.012754 [info ] [MainThread]: adapter type: bigquery
[0m16:35:54.013598 [info ] [MainThread]: adapter version: 1.9.1
[0m16:35:54.014461 [info ] [MainThread]: Configuration:
[0m16:35:54.015459 [info ] [MainThread]:   profiles.yml file [[32mOK found and valid[0m]
[0m16:35:54.016406 [info ] [MainThread]:   dbt_project.yml file [[31mERROR not found[0m]
[0m16:35:54.017936 [info ] [MainThread]: Required dependencies:
[0m16:35:54.018763 [debug] [MainThread]: Executing "git --help"
[0m16:35:54.022608 [debug] [MainThread]: STDOUT: "b"usage: git [-v | --version] [-h | --help] [-C <path>] [-c <name>=<value>]\n           [--exec-path[=<path>]] [--html-path] [--man-path] [--info-path]\n           [-p | --paginate | -P | --no-pager] [--no-replace-objects] [--bare]\n           [--git-dir=<path>] [--work-tree=<path>] [--namespace=<name>]\n           [--config-env=<name>=<envvar>] <command> [<args>]\n\nThese are common Git commands used in various situations:\n\nstart a working area (see also: git help tutorial)\n   clone     Clone a repository into a new directory\n   init      Create an empty Git repository or reinitialize an existing one\n\nwork on the current change (see also: git help everyday)\n   add       Add file contents to the index\n   mv        Move or rename a file, a directory, or a symlink\n   restore   Restore working tree files\n   rm        Remove files from the working tree and from the index\n\nexamine the history and state (see also: git help revisions)\n   bisect    Use binary search to find the commit that introduced a bug\n   diff      Show changes between commits, commit and working tree, etc\n   grep      Print lines matching a pattern\n   log       Show commit logs\n   show      Show various types of objects\n   status    Show the working tree status\n\ngrow, mark and tweak your common history\n   branch    List, create, or delete branches\n   commit    Record changes to the repository\n   merge     Join two or more development histories together\n   rebase    Reapply commits on top of another base tip\n   reset     Reset current HEAD to the specified state\n   switch    Switch branches\n   tag       Create, list, delete or verify a tag object signed with GPG\n\ncollaborate (see also: git help workflows)\n   fetch     Download objects and refs from another repository\n   pull      Fetch from and integrate with another repository or a local branch\n   push      Update remote refs along with associated objects\n\n'git help -a' and 'git help -g' list available subcommands and some\nconcept guides. See 'git help <command>' or 'git help <concept>'\nto read about a specific subcommand or concept.\nSee 'git help git' for an overview of the system.\n""
[0m16:35:54.024050 [debug] [MainThread]: STDERR: "b''"
[0m16:35:54.024762 [info ] [MainThread]:  - git [[32mOK found[0m]

[0m16:35:54.025662 [info ] [MainThread]: Connection:
[0m16:35:54.026554 [info ] [MainThread]:   method: service-account
[0m16:35:54.027358 [info ] [MainThread]:   database: de-12-381312
[0m16:35:54.028153 [info ] [MainThread]:   execution_project: de-12-381312
[0m16:35:54.028940 [info ] [MainThread]:   schema: dbt
[0m16:35:54.029674 [info ] [MainThread]:   location: US
[0m16:35:54.030660 [info ] [MainThread]:   priority: interactive
[0m16:35:54.031557 [info ] [MainThread]:   maximum_bytes_billed: None
[0m16:35:54.032598 [info ] [MainThread]:   impersonate_service_account: None
[0m16:35:54.033470 [info ] [MainThread]:   job_retry_deadline_seconds: None
[0m16:35:54.034235 [info ] [MainThread]:   job_retries: 1
[0m16:35:54.035005 [info ] [MainThread]:   job_creation_timeout_seconds: None
[0m16:35:54.035752 [info ] [MainThread]:   job_execution_timeout_seconds: 300
[0m16:35:54.036577 [info ] [MainThread]:   timeout_seconds: 300
[0m16:35:54.037573 [info ] [MainThread]:   client_id: None
[0m16:35:54.038410 [info ] [MainThread]:   token_uri: None
[0m16:35:54.039337 [info ] [MainThread]:   dataproc_region: None
[0m16:35:54.040110 [info ] [MainThread]:   dataproc_cluster_name: None
[0m16:35:54.040842 [info ] [MainThread]:   gcs_bucket: None
[0m16:35:54.041620 [info ] [MainThread]:   dataproc_batch: None
[0m16:35:54.042783 [info ] [MainThread]: Registered adapter: bigquery=1.9.1
[0m16:35:54.257510 [debug] [MainThread]: Acquiring new bigquery connection 'debug'
[0m16:35:54.258390 [debug] [MainThread]: On debug: select 1 as id
[0m16:35:54.259223 [debug] [MainThread]: Opening a new connection, currently in state init
[0m16:35:54.260097 [debug] [MainThread]: BigQuery adapter: Got an error when attempting to create a bigquery " "client: '[Errno 2] No such file or directory: 'creds/keyfile.json''
[0m16:35:54.260962 [debug] [MainThread]: BigQuery adapter: Unhandled error while running:
select 1 as id
[0m16:35:54.261640 [debug] [MainThread]: BigQuery adapter: Database Error
  [Errno 2] No such file or directory: 'creds/keyfile.json'
[0m16:35:54.262330 [info ] [MainThread]:   Connection test: [[31mERROR[0m]

[0m16:35:54.263297 [info ] [MainThread]: [31m2 checks failed:[0m
[0m16:35:54.264093 [info ] [MainThread]: Project loading failed for the following reason:
 project path </home/user/idx-dibimbing-datawarehouse/dbt/dbt_project.yml> not found

[0m16:35:54.264856 [info ] [MainThread]: dbt was unable to connect to the specified database.
The database returned the following error:

  >'NoneType' object has no attribute 'close'

Check your database credentials and try again. For more information, visit:
https://docs.getdbt.com/docs/configure-your-profile


[0m16:35:54.266758 [debug] [MainThread]: Resource report: {"command_name": "debug", "command_success": false, "command_wall_clock_time": 1.7386258, "process_in_blocks": "0", "process_kernel_time": 0.476283, "process_mem_max_rss": "198800", "process_out_blocks": "32", "process_user_time": 3.639595}
[0m16:35:54.267692 [debug] [MainThread]: Command `dbt debug` failed at 16:35:54.267505 after 1.74 seconds
[0m16:35:54.268524 [debug] [MainThread]: Sending event: {'category': 'dbt', 'action': 'invocation', 'label': 'end', 'context': [<snowplow_tracker.self_describing_json.SelfDescribingJson object at 0x7e3a5781c340>, <snowplow_tracker.self_describing_json.SelfDescribingJson object at 0x7e3a427b5480>, <snowplow_tracker.self_describing_json.SelfDescribingJson object at 0x7e3a427b5a20>]}
[0m16:35:54.269660 [debug] [MainThread]: Flushing usage events
[0m16:35:55.053292 [debug] [MainThread]: An error was encountered while trying to flush usage events
